<?xml version="1.0" encoding="UTF-8"?>
<testng-results ignored="0" total="1" passed="1" failed="0" skipped="0">
  <reporter-output>
  </reporter-output>
  <suite started-at="2025-01-29T18:19:36 IST" name="Default suite" finished-at="2025-01-29T18:19:40 IST" duration-ms="3881">
    <groups>
    </groups>
    <test started-at="2025-01-29T18:19:36 IST" name="Default test" finished-at="2025-01-29T18:19:40 IST" duration-ms="3881">
      <class name="demo1.Exercise0129">
        <test-method signature="testAuthorizationSuccessMessage()[pri:0, instance:demo1.Exercise0129@7e07db1f]" started-at="2025-01-29T18:19:36 IST" name="testAuthorizationSuccessMessage" finished-at="2025-01-29T18:19:40 IST" duration-ms="3830" status="PASS">
          <reporter-output>
          </reporter-output>
        </test-method> <!-- testAuthorizationSuccessMessage -->
      </class> <!-- demo1.Exercise0129 -->
    </test> <!-- Default test -->
  </suite> <!-- Default suite -->
</testng-results>
